=== Formula 1 calendar sync — 2026-06-05 01:05:50 UTC ===
Completed in 0.21s

Added (0):

Unchanged (22):
  Round  1  Australian Grand Prix
  Round  2  Chinese Grand Prix
  Round  3  Japanese Grand Prix
  Round  4  Miami Grand Prix
  Round  5  Canadian Grand Prix
  Round  6  Monaco Grand Prix
  Round  7  Barcelona Grand Prix
  Round  8  Austrian Grand Prix
  Round  9  British Grand Prix
  Round 10  Belgian Grand Prix
  Round 11  Hungarian Grand Prix
  Round 12  Dutch Grand Prix
  Round 13  Italian Grand Prix
  Round 14  Spanish Grand Prix
  Round 15  Azerbaijan Grand Prix
  Round 16  Singapore Grand Prix
  Round 17  United States Grand Prix
  Round 18  Mexico City Grand Prix
  Round 19  Brazilian Grand Prix
  Round 20  Las Vegas Grand Prix
  Round 21  Qatar Grand Prix
  Round 22  Abu Dhabi Grand Prix

Modified (0):
