=== MotoGP calendar sync — 2026-06-05 01:05:51 UTC ===
Completed in 0.50s

Added (0):

Unchanged (22):
  Round  1  PT Grand Prix of Thailand
  Round  2  Estrella Galicia 0,0 Grand Prix of Brazil
  Round  3  Red Bull Grand Prix of The United States
  Round  4  Estrella Galicia 0,0 Grand Prix of Spain
  Round  5  Michelin Grand Prix of France
  Round  6  Monster Energy Grand Prix of Catalonia
  Round  7  BREMBO GRAND PRIX OF ITALY 
  Round  8  GRAND PRIX OF HUNGARY 
  Round  9  Grand Prix of Czechia
  Round 10  Grand Prix of The Netherlands
  Round 11  Liqui Moly Grand Prix of Germany
  Round 12  Qatar Airways Grand Prix of Great Britain
  Round 13  Grand Prix of Aragon
  Round 14  Red Bull Grand Prix of San Marino and The Rimini Riviera
  Round 15  Grand Prix of Austria
  Round 16  Motul Grand Prix of Japan
  Round 17  Pertamina Grand Prix of Indonesia
  Round 18  Grand Prix of Australia
  Round 19  Petronas Grand Prix of Malaysia
  Round 20  Qatar Airways Grand Prix of Qatar
  Round 21  Repsol Grand Prix of Portugal
  Round 22  Motul Grand Prix of Valencia

Modified (0):
